SIMAN Run Controller.

6.1179573 Hours>
                                      ARENA Simulation Results
                                       user - License: STUDENT

                                  Summary for Replication 1 of 1

Project: Unnamed Project                                             Run execution date :12/11/2025
Analyst: user                                                        Model revision date:12/11/2025

Replication ended at time      : 6.1179573 Hours 
Base Time Units: Hours

                                           TALLY VARIABLES

Identifier                                  Average   Half Width  Minimum    Maximum   Observations
___________________________________________________________________________________________________

Order.VATime                                .00000     (Insuf)    .00000     .00000        100    
Order.NVATime                               .00000     (Insuf)    .00000     .00000        100    
Order.WaitTime                              .00000     (Insuf)    .00000     .00000        100    
Order.TranTime                              .00000     (Insuf)    .00000     .00000        100    
Order.OtherTime                             .00000     (Insuf)    .00000     .00000        100    
Order.TotalTime                             .00000     (Insuf)    .00000     .00000        100    
Prod.VATime                                 .00278     (Insuf)    .00278     .00278         11    
Prod.NVATime                                .00000     (Insuf)    .00000     .00000         11    
Prod.WaitTime                               .06867     (Insuf)    .00000     .19625         11    
Prod.TranTime                               .25927     (Insuf)    .22020     .35340         11    
Prod.OtherTime                              .00410     (Insuf)    .00335     .00486         11    
Prod.TotalTime                              .33482     (Insuf)    .22709     .46603         11    
Seize InPorts 1.Queue.WaitingTime           .00000     (Insuf)    .00000     .00000         14    
Request 3.Queue.WaitingTime                 .03034     (Insuf)    .00000     .20140         17    
Wait for Outport 1.Queue.WaitingTime        .03150     (Insuf)    .00000     .10820         12    
Seize OutPort 1.Queue.WaitingTime           .00000     (Insuf)    .00000     .00000         12    
Wait For Body 1.Queue.WaitingTime           .00505     (Insuf)    .00000     .06571         13    
Request 1.Queue.WaitingTime                 .02667     (Insuf)    .00000     .09367         12    
Seize Body 1.Queue.WaitingTime              .00000     (Insuf)    .00000     .00000         13    

                                     DISCRETE-CHANGE VARIABLES

Identifier                                  Average   Half Width  Minimum    Maximum   Final Value
___________________________________________________________________________________________________

Order.WIP                                   21.433     (Insuf)    .00000     89.000     89.000    
Prod.WIP                                    40.564     (Insuf)    .00000     99.000     99.000    
Outport.NumberBusy                          .91490     (Insuf)    .00000     1.0000     1.0000    
Outport.NumberScheduled                     1.0000     (Insuf)    1.0000     1.0000     1.0000    
Outport.Utilization                         .91490     (Insuf)    .00000     1.0000     1.0000    
In.NumberBusy                               .85100     (Insuf)    .00000     1.0000     1.0000    
In.NumberScheduled                          1.0000     (Insuf)    1.0000     1.0000     1.0000    
In.Utilization                              .85100     (Insuf)    .00000     1.0000     1.0000    
body.NumberBusy                             .91483     (Insuf)    .00000     1.0000     1.0000    
body.NumberScheduled                        1.0000     (Insuf)    1.0000     1.0000     1.0000    
body.Utilization                            .91483     (Insuf)    .00000     1.0000     1.0000    
Seize InPorts 1.Queue.NumberInQueue         .83187     (Insuf)    .00000     1.0000     1.0000    
Request 3.Queue.NumberInQueue               34.839     (Insuf)    .00000     93.000     93.000    
Wait for Outport 1.Queue.NumberInQueue      .90580     (Insuf)    .00000     1.0000     1.0000    
Seize OutPort 1.Queue.NumberInQueue         .00000     (Insuf)    .00000     .00000     .00000    
Wait For Body 1.Queue.NumberInQueue         .85100     (Insuf)    .00000     1.0000     1.0000    
Request 1.Queue.NumberInQueue               .05232     (Insuf)    .00000     1.0000     .00000    
Seize Body 1.Queue.NumberInQueue            .00000     (Insuf)    .00000     .00000     .00000    

                                             OUTPUTS

Identifier                                   Value
_____________________________________________________________

Order.NumberIn                              189.00    
Order.NumberOut                             100.00    
Prod.NumberIn                               110.00    
Prod.NumberOut                              11.000    
Outport.NumberSeized                        12.000    
Outport.ScheduledUtilization                .91490    
In.NumberSeized                             14.000    
In.ScheduledUtilization                     .85100    
body.NumberSeized                           13.000    
body.ScheduledUtilization                   .91483    
System.NumberOut                            111.00    


Simulation run time: 0.23 minutes.
Simulation run complete.
